<?xml version="1.0" encoding="UTF-8"?>
<testng-results skipped="0" failed="0" ignored="0" total="1" passed="1">
  <reporter-output>
  </reporter-output>
  <suite name="Suite" duration-ms="4003" started-at="2019-07-23T19:49:30Z" finished-at="2019-07-23T19:49:34Z">
    <groups>
    </groups>
    <test name="Test" duration-ms="4003" started-at="2019-07-23T19:49:30Z" finished-at="2019-07-23T19:49:34Z">
      <class name="com.testingworld.mavenjob.AppTest">
        <test-method status="PASS" signature="setup()[pri:0, instance:com.testingworld.mavenjob.AppTest@6a41eaa2]" name="setup" duration-ms="3951" started-at="2019-07-23T19:49:30Z" finished-at="2019-07-23T19:49:34Z">
          <reporter-output>
          </reporter-output>
        </test-method> <!-- setup -->
      </class> <!-- com.testingworld.mavenjob.AppTest -->
    </test> <!-- Test -->
  </suite> <!-- Suite -->
</testng-results>
